<?xml version="1.0" encoding="UTF-8"?>
<testng-results ignored="0" total="2" passed="2" failed="0" skipped="0">
  <reporter-output>
  </reporter-output>
  <suite started-at="2025-11-12T12:11:34 IST" name="Default suite" finished-at="2025-11-12T12:11:35 IST" duration-ms="414">
    <groups>
    </groups>
    <test started-at="2025-11-12T12:11:34 IST" name="Default test" finished-at="2025-11-12T12:11:35 IST" duration-ms="414">
      <class name="package1.Annotation">
        <test-method signature="ts1()[pri:0, instance:package1.Annotation@2892d68]" started-at="2025-11-12T12:11:35 IST" name="ts1" finished-at="2025-11-12T12:11:35 IST" duration-ms="38" status="PASS">
          <reporter-output>
          </reporter-output>
        </test-method> <!-- ts1 -->
        <test-method signature="ts2()[pri:0, instance:package1.Annotation@2892d68]" started-at="2025-11-12T12:11:35 IST" name="ts2" finished-at="2025-11-12T12:11:35 IST" duration-ms="29" status="PASS">
          <reporter-output>
          </reporter-output>
        </test-method> <!-- ts2 -->
      </class> <!-- package1.Annotation -->
    </test> <!-- Default test -->
  </suite> <!-- Default suite -->
</testng-results>
